[2026-03-10T17:22:32.229+0000] {local_task_job_runner.py:123} INFO - ::group::Pre task execution logs
[2026-03-10T17:22:32.267+0000] {taskinstance.py:2631} INFO - Dependencies all met for dep_context=non-requeueable deps ti=<TaskInstance: minio_lake_connectivity_check.list_lake_files manual__2026-03-10T17:22:30.003229+00:00 [queued]>
[2026-03-10T17:22:32.277+0000] {taskinstance.py:2631} INFO - Dependencies all met for dep_context=requeueable deps ti=<TaskInstance: minio_lake_connectivity_check.list_lake_files manual__2026-03-10T17:22:30.003229+00:00 [queued]>
[2026-03-10T17:22:32.277+0000] {taskinstance.py:2884} INFO - Starting attempt 1 of 1
[2026-03-10T17:22:32.293+0000] {taskinstance.py:2907} INFO - Executing <Task(PythonOperator): list_lake_files> on 2026-03-10 17:22:30.003229+00:00
[2026-03-10T17:22:32.300+0000] {logging_mixin.py:190} WARNING - /home/***/.local/lib/python3.12/site-packages/***/task/task_runner/standard_task_runner.py:70 DeprecationWarning: This process (pid=211) is multi-threaded, use of fork() may lead to deadlocks in the child.
[2026-03-10T17:22:32.301+0000] {standard_task_runner.py:72} INFO - Started process 212 to run task
[2026-03-10T17:22:32.300+0000] {standard_task_runner.py:104} INFO - Running: ['***', 'tasks', 'run', 'minio_lake_connectivity_check', 'list_lake_files', 'manual__2026-03-10T17:22:30.003229+00:00', '--job-id', '5', '--raw', '--subdir', 'DAGS_FOLDER/minio_connectivity_check.py', '--cfg-path', '/tmp/tmpqdjmmcpz']
[2026-03-10T17:22:32.303+0000] {standard_task_runner.py:105} INFO - Job 5: Subtask list_lake_files
[2026-03-10T17:22:32.356+0000] {task_command.py:467} INFO - Running <TaskInstance: minio_lake_connectivity_check.list_lake_files manual__2026-03-10T17:22:30.003229+00:00 [running]> on host 7d24a7c0450a
[2026-03-10T17:22:32.454+0000] {taskinstance.py:3157} INFO - Exporting env vars: AIRFLOW_CTX_DAG_OWNER='***' AIRFLOW_CTX_DAG_ID='minio_lake_connectivity_check' AIRFLOW_CTX_TASK_ID='list_lake_files' AIRFLOW_CTX_EXECUTION_DATE='2026-03-10T17:22:30.003229+00:00' AIRFLOW_CTX_TRY_NUMBER='1' AIRFLOW_CTX_DAG_RUN_ID='manual__2026-03-10T17:22:30.003229+00:00'
[2026-03-10T17:22:32.455+0000] {taskinstance.py:740} INFO - ::endgroup::
[2026-03-10T17:22:32.473+0000] {base.py:84} INFO - Retrieving connection 'minio_s3'
[2026-03-10T17:22:32.474+0000] {connection_wrapper.py:331} INFO - AWS Connection (conn_id='minio_s3', conn_type='aws') credentials retrieved from login and password.
[2026-03-10T17:22:32.718+0000] {logging_mixin.py:190} INFO - Found 22 file(s) under user-events/
[2026-03-10T17:22:32.719+0000] {logging_mixin.py:190} INFO -   - user-events/year=2026/month=02/day=24/135111-p1-o0.json
[2026-03-10T17:22:32.719+0000] {logging_mixin.py:190} INFO -   - user-events/year=2026/month=02/day=24/135141-p0-o0.json
[2026-03-10T17:22:32.719+0000] {logging_mixin.py:190} INFO -   - user-events/year=2026/month=02/day=24/135211-p0-o7.json
[2026-03-10T17:22:32.719+0000] {logging_mixin.py:190} INFO -   - user-events/year=2026/month=02/day=24/135241-p0-o22.json
[2026-03-10T17:22:32.719+0000] {logging_mixin.py:190} INFO -   - user-events/year=2026/month=02/day=24/135311-p1-o32.json
[2026-03-10T17:22:32.746+0000] {python.py:240} INFO - Done. Returned value was: None
[2026-03-10T17:22:32.761+0000] {taskinstance.py:349} INFO - ::group::Post task execution logs
[2026-03-10T17:22:32.761+0000] {taskinstance.py:361} INFO - Marking task as SUCCESS. dag_id=minio_lake_connectivity_check, task_id=list_lake_files, run_id=manual__2026-03-10T17:22:30.003229+00:00, execution_date=20260310T172230, start_date=20260310T172232, end_date=20260310T172232
[2026-03-10T17:22:32.799+0000] {local_task_job_runner.py:266} INFO - Task exited with return code 0
[2026-03-10T17:22:32.818+0000] {taskinstance.py:3924} INFO - 0 downstream tasks scheduled from follow-on schedule check
[2026-03-10T17:22:32.820+0000] {local_task_job_runner.py:245} INFO - ::endgroup::
