[2026-03-10T17:22:31.254+0000] {local_task_job_runner.py:123} INFO - ::group::Pre task execution logs
[2026-03-10T17:22:31.314+0000] {taskinstance.py:2631} INFO - Dependencies all met for dep_context=non-requeueable deps ti=<TaskInstance: minio_lake_connectivity_check.list_lake_files scheduled__2026-03-09T00:00:00+00:00 [queued]>
[2026-03-10T17:22:31.337+0000] {taskinstance.py:2631} INFO - Dependencies all met for dep_context=requeueable deps ti=<TaskInstance: minio_lake_connectivity_check.list_lake_files scheduled__2026-03-09T00:00:00+00:00 [queued]>
[2026-03-10T17:22:31.338+0000] {taskinstance.py:2884} INFO - Starting attempt 1 of 1
[2026-03-10T17:22:31.360+0000] {taskinstance.py:2907} INFO - Executing <Task(PythonOperator): list_lake_files> on 2026-03-09 00:00:00+00:00
[2026-03-10T17:22:31.374+0000] {logging_mixin.py:190} WARNING - /home/***/.local/lib/python3.12/site-packages/***/task/task_runner/standard_task_runner.py:70 DeprecationWarning: This process (pid=205) is multi-threaded, use of fork() may lead to deadlocks in the child.
[2026-03-10T17:22:31.376+0000] {standard_task_runner.py:72} INFO - Started process 208 to run task
[2026-03-10T17:22:31.374+0000] {standard_task_runner.py:104} INFO - Running: ['***', 'tasks', 'run', 'minio_lake_connectivity_check', 'list_lake_files', 'scheduled__2026-03-09T00:00:00+00:00', '--job-id', '3', '--raw', '--subdir', 'DAGS_FOLDER/minio_connectivity_check.py', '--cfg-path', '/tmp/tmppq7farvn']
[2026-03-10T17:22:31.377+0000] {standard_task_runner.py:105} INFO - Job 3: Subtask list_lake_files
[2026-03-10T17:22:31.438+0000] {task_command.py:467} INFO - Running <TaskInstance: minio_lake_connectivity_check.list_lake_files scheduled__2026-03-09T00:00:00+00:00 [running]> on host 7d24a7c0450a
[2026-03-10T17:22:31.529+0000] {taskinstance.py:3157} INFO - Exporting env vars: AIRFLOW_CTX_DAG_OWNER='***' AIRFLOW_CTX_DAG_ID='minio_lake_connectivity_check' AIRFLOW_CTX_TASK_ID='list_lake_files' AIRFLOW_CTX_EXECUTION_DATE='2026-03-09T00:00:00+00:00' AIRFLOW_CTX_TRY_NUMBER='1' AIRFLOW_CTX_DAG_RUN_ID='scheduled__2026-03-09T00:00:00+00:00'
[2026-03-10T17:22:31.531+0000] {taskinstance.py:740} INFO - ::endgroup::
[2026-03-10T17:22:31.550+0000] {base.py:84} INFO - Retrieving connection 'minio_s3'
[2026-03-10T17:22:31.551+0000] {connection_wrapper.py:331} INFO - AWS Connection (conn_id='minio_s3', conn_type='aws') credentials retrieved from login and password.
[2026-03-10T17:22:31.936+0000] {logging_mixin.py:190} INFO - Found 22 file(s) under user-events/
[2026-03-10T17:22:31.938+0000] {logging_mixin.py:190} INFO -   - user-events/year=2026/month=02/day=24/135111-p1-o0.json
[2026-03-10T17:22:31.938+0000] {logging_mixin.py:190} INFO -   - user-events/year=2026/month=02/day=24/135141-p0-o0.json
[2026-03-10T17:22:31.938+0000] {logging_mixin.py:190} INFO -   - user-events/year=2026/month=02/day=24/135211-p0-o7.json
[2026-03-10T17:22:31.938+0000] {logging_mixin.py:190} INFO -   - user-events/year=2026/month=02/day=24/135241-p0-o22.json
[2026-03-10T17:22:31.939+0000] {logging_mixin.py:190} INFO -   - user-events/year=2026/month=02/day=24/135311-p1-o32.json
[2026-03-10T17:22:31.957+0000] {python.py:240} INFO - Done. Returned value was: None
[2026-03-10T17:22:31.973+0000] {taskinstance.py:349} INFO - ::group::Post task execution logs
[2026-03-10T17:22:31.973+0000] {taskinstance.py:361} INFO - Marking task as SUCCESS. dag_id=minio_lake_connectivity_check, task_id=list_lake_files, run_id=scheduled__2026-03-09T00:00:00+00:00, execution_date=20260309T000000, start_date=20260310T172231, end_date=20260310T172231
[2026-03-10T17:22:32.020+0000] {local_task_job_runner.py:266} INFO - Task exited with return code 0
[2026-03-10T17:22:32.045+0000] {taskinstance.py:3924} INFO - 0 downstream tasks scheduled from follow-on schedule check
[2026-03-10T17:22:32.047+0000] {local_task_job_runner.py:245} INFO - ::endgroup::
