[2026-03-10T17:20:14.573+0000] {manager.py:483} INFO - Processing files using up to 2 processes at a time 
[2026-03-10T17:20:14.573+0000] {manager.py:484} INFO - Process each file at most once every 30 seconds
[2026-03-10T17:20:14.574+0000] {manager.py:485} INFO - Checking for new files in /opt/airflow/dags every 300 seconds
[2026-03-10T17:20:14.574+0000] {manager.py:821} INFO - Searching for files in /opt/airflow/dags
[2026-03-10T17:20:14.576+0000] {manager.py:824} INFO - There are 1 files in /opt/airflow/dags
[2026-03-10T17:20:15.075+0000] {manager.py:997} INFO - 
================================================================================
DAG File Processing Stats

File Path                                        PID  Runtime      # DAGs    # Errors  Last Runtime    Last Run      Last # of DB Queries
---------------------------------------------  -----  ---------  --------  ----------  --------------  ----------  ----------------------
/opt/airflow/dags/minio_connectivity_check.py    177  0.02s             0           0                                                   0
================================================================================
[2026-03-10T17:20:45.242+0000] {manager.py:997} INFO - 
================================================================================
DAG File Processing Stats

File Path                                      PID    Runtime      # DAGs    # Errors  Last Runtime    Last Run               Last # of DB Queries
---------------------------------------------  -----  ---------  --------  ----------  --------------  -------------------  ----------------------
/opt/airflow/dags/minio_connectivity_check.py                           1           0  0.43s           2026-03-10T17:20:15                      45
================================================================================
[2026-03-10T17:21:15.843+0000] {manager.py:997} INFO - 
================================================================================
DAG File Processing Stats

File Path                                        PID  Runtime      # DAGs    # Errors  Last Runtime    Last Run               Last # of DB Queries
---------------------------------------------  -----  ---------  --------  ----------  --------------  -------------------  ----------------------
/opt/airflow/dags/minio_connectivity_check.py    187  0.00s             1           0  0.15s           2026-03-10T17:20:45                      12
================================================================================
[2026-03-10T17:21:46.067+0000] {manager.py:997} INFO - 
================================================================================
DAG File Processing Stats

File Path                                        PID  Runtime      # DAGs    # Errors  Last Runtime    Last Run               Last # of DB Queries
---------------------------------------------  -----  ---------  --------  ----------  --------------  -------------------  ----------------------
/opt/airflow/dags/minio_connectivity_check.py    192  0.00s             1           0  0.10s           2026-03-10T17:21:15                      12
================================================================================
[2026-03-10T17:22:16.339+0000] {manager.py:997} INFO - 
================================================================================
DAG File Processing Stats

File Path                                        PID  Runtime      # DAGs    # Errors  Last Runtime    Last Run               Last # of DB Queries
---------------------------------------------  -----  ---------  --------  ----------  --------------  -------------------  ----------------------
/opt/airflow/dags/minio_connectivity_check.py    200  0.00s             1           0  0.11s           2026-03-10T17:21:46                      12
================================================================================
[2026-03-10T17:22:46.561+0000] {manager.py:997} INFO - 
================================================================================
DAG File Processing Stats

File Path                                        PID  Runtime      # DAGs    # Errors  Last Runtime    Last Run               Last # of DB Queries
---------------------------------------------  -----  ---------  --------  ----------  --------------  -------------------  ----------------------
/opt/airflow/dags/minio_connectivity_check.py    214  0.00s             1           0  0.11s           2026-03-10T17:22:16                      12
================================================================================
[2026-03-10T17:23:16.822+0000] {manager.py:997} INFO - 
================================================================================
DAG File Processing Stats

File Path                                        PID  Runtime      # DAGs    # Errors  Last Runtime    Last Run               Last # of DB Queries
---------------------------------------------  -----  ---------  --------  ----------  --------------  -------------------  ----------------------
/opt/airflow/dags/minio_connectivity_check.py    219  0.00s             1           0  0.11s           2026-03-10T17:22:46                      12
================================================================================
[2026-03-10T17:23:46.989+0000] {manager.py:997} INFO - 
================================================================================
DAG File Processing Stats

File Path                                        PID  Runtime      # DAGs    # Errors  Last Runtime    Last Run               Last # of DB Queries
---------------------------------------------  -----  ---------  --------  ----------  --------------  -------------------  ----------------------
/opt/airflow/dags/minio_connectivity_check.py    224  0.00s             1           0  0.11s           2026-03-10T17:23:16                      12
================================================================================
[2026-03-10T17:24:17.254+0000] {manager.py:997} INFO - 
================================================================================
DAG File Processing Stats

File Path                                        PID  Runtime      # DAGs    # Errors  Last Runtime    Last Run               Last # of DB Queries
---------------------------------------------  -----  ---------  --------  ----------  --------------  -------------------  ----------------------
/opt/airflow/dags/minio_connectivity_check.py    229  0.00s             1           0  0.17s           2026-03-10T17:23:47                      12
================================================================================
[2026-03-10T17:24:47.556+0000] {manager.py:997} INFO - 
================================================================================
DAG File Processing Stats

File Path                                        PID  Runtime      # DAGs    # Errors  Last Runtime    Last Run               Last # of DB Queries
---------------------------------------------  -----  ---------  --------  ----------  --------------  -------------------  ----------------------
/opt/airflow/dags/minio_connectivity_check.py    234  0.01s             1           0  0.11s           2026-03-10T17:24:17                      12
================================================================================
[2026-03-10T17:25:14.803+0000] {manager.py:821} INFO - Searching for files in /opt/airflow/dags
[2026-03-10T17:25:14.805+0000] {manager.py:824} INFO - There are 1 files in /opt/airflow/dags
[2026-03-10T17:25:17.835+0000] {manager.py:997} INFO - 
================================================================================
DAG File Processing Stats

File Path                                        PID  Runtime      # DAGs    # Errors  Last Runtime    Last Run               Last # of DB Queries
---------------------------------------------  -----  ---------  --------  ----------  --------------  -------------------  ----------------------
/opt/airflow/dags/minio_connectivity_check.py    239  0.00s             1           0  0.10s           2026-03-10T17:24:47                      12
================================================================================
[2026-03-10T17:25:48.083+0000] {manager.py:997} INFO - 
================================================================================
DAG File Processing Stats

File Path                                        PID  Runtime      # DAGs    # Errors  Last Runtime    Last Run               Last # of DB Queries
---------------------------------------------  -----  ---------  --------  ----------  --------------  -------------------  ----------------------
/opt/airflow/dags/minio_connectivity_check.py    244  0.01s             1           0  0.09s           2026-03-10T17:25:17                      12
================================================================================
[2026-03-10T17:26:18.366+0000] {manager.py:997} INFO - 
================================================================================
DAG File Processing Stats

File Path                                        PID  Runtime      # DAGs    # Errors  Last Runtime    Last Run               Last # of DB Queries
---------------------------------------------  -----  ---------  --------  ----------  --------------  -------------------  ----------------------
/opt/airflow/dags/minio_connectivity_check.py    249  0.00s             1           0  0.10s           2026-03-10T17:25:48                      12
================================================================================
[2026-03-10T17:26:48.601+0000] {manager.py:997} INFO - 
================================================================================
DAG File Processing Stats

File Path                                        PID  Runtime      # DAGs    # Errors  Last Runtime    Last Run               Last # of DB Queries
---------------------------------------------  -----  ---------  --------  ----------  --------------  -------------------  ----------------------
/opt/airflow/dags/minio_connectivity_check.py    254  0.00s             1           0  0.09s           2026-03-10T17:26:18                      12
================================================================================
[2026-03-10T17:27:18.890+0000] {manager.py:997} INFO - 
================================================================================
DAG File Processing Stats

File Path                                        PID  Runtime      # DAGs    # Errors  Last Runtime    Last Run               Last # of DB Queries
---------------------------------------------  -----  ---------  --------  ----------  --------------  -------------------  ----------------------
/opt/airflow/dags/minio_connectivity_check.py    259  0.01s             1           0  0.09s           2026-03-10T17:26:48                      12
================================================================================
[2026-03-10T17:27:49.154+0000] {manager.py:997} INFO - 
================================================================================
DAG File Processing Stats

File Path                                        PID  Runtime      # DAGs    # Errors  Last Runtime    Last Run               Last # of DB Queries
---------------------------------------------  -----  ---------  --------  ----------  --------------  -------------------  ----------------------
/opt/airflow/dags/minio_connectivity_check.py    264  0.01s             1           0  0.10s           2026-03-10T17:27:18                      12
================================================================================
[2026-03-10T17:28:19.440+0000] {manager.py:997} INFO - 
================================================================================
DAG File Processing Stats

File Path                                        PID  Runtime      # DAGs    # Errors  Last Runtime    Last Run               Last # of DB Queries
---------------------------------------------  -----  ---------  --------  ----------  --------------  -------------------  ----------------------
/opt/airflow/dags/minio_connectivity_check.py    269  0.01s             1           0  0.11s           2026-03-10T17:27:49                      12
================================================================================
[2026-03-10T17:28:49.683+0000] {manager.py:997} INFO - 
================================================================================
DAG File Processing Stats

File Path                                        PID  Runtime      # DAGs    # Errors  Last Runtime    Last Run               Last # of DB Queries
---------------------------------------------  -----  ---------  --------  ----------  --------------  -------------------  ----------------------
/opt/airflow/dags/minio_connectivity_check.py    274  0.01s             1           0  0.09s           2026-03-10T17:28:19                      12
================================================================================
[2026-03-10T17:29:19.956+0000] {manager.py:997} INFO - 
================================================================================
DAG File Processing Stats

File Path                                        PID  Runtime      # DAGs    # Errors  Last Runtime    Last Run               Last # of DB Queries
---------------------------------------------  -----  ---------  --------  ----------  --------------  -------------------  ----------------------
/opt/airflow/dags/minio_connectivity_check.py    279  0.01s             1           0  0.09s           2026-03-10T17:28:49                      12
================================================================================
[2026-03-10T17:29:50.244+0000] {manager.py:997} INFO - 
================================================================================
DAG File Processing Stats

File Path                                        PID  Runtime      # DAGs    # Errors  Last Runtime    Last Run               Last # of DB Queries
---------------------------------------------  -----  ---------  --------  ----------  --------------  -------------------  ----------------------
/opt/airflow/dags/minio_connectivity_check.py    284  0.01s             1           0  0.09s           2026-03-10T17:29:20                      12
================================================================================
[2026-03-10T17:30:15.461+0000] {manager.py:821} INFO - Searching for files in /opt/airflow/dags
[2026-03-10T17:30:15.467+0000] {manager.py:824} INFO - There are 1 files in /opt/airflow/dags
[2026-03-10T17:30:20.520+0000] {manager.py:997} INFO - 
================================================================================
DAG File Processing Stats

File Path                                        PID  Runtime      # DAGs    # Errors  Last Runtime    Last Run               Last # of DB Queries
---------------------------------------------  -----  ---------  --------  ----------  --------------  -------------------  ----------------------
/opt/airflow/dags/minio_connectivity_check.py    289  0.00s             1           0  0.09s           2026-03-10T17:29:50                      12
================================================================================
[2026-03-10T17:30:50.787+0000] {manager.py:997} INFO - 
================================================================================
DAG File Processing Stats

File Path                                        PID  Runtime      # DAGs    # Errors  Last Runtime    Last Run               Last # of DB Queries
---------------------------------------------  -----  ---------  --------  ----------  --------------  -------------------  ----------------------
/opt/airflow/dags/minio_connectivity_check.py    294  0.00s             1           0  0.09s           2026-03-10T17:30:20                      12
================================================================================
[2026-03-10T17:31:21.050+0000] {manager.py:997} INFO - 
================================================================================
DAG File Processing Stats

File Path                                        PID  Runtime      # DAGs    # Errors  Last Runtime    Last Run               Last # of DB Queries
---------------------------------------------  -----  ---------  --------  ----------  --------------  -------------------  ----------------------
/opt/airflow/dags/minio_connectivity_check.py    299  0.01s             1           0  0.08s           2026-03-10T17:30:50                      12
================================================================================
[2026-03-10T17:31:51.315+0000] {manager.py:997} INFO - 
================================================================================
DAG File Processing Stats

File Path                                        PID  Runtime      # DAGs    # Errors  Last Runtime    Last Run               Last # of DB Queries
---------------------------------------------  -----  ---------  --------  ----------  --------------  -------------------  ----------------------
/opt/airflow/dags/minio_connectivity_check.py    304  0.00s             1           0  0.09s           2026-03-10T17:31:21                      12
================================================================================
[2026-03-10T17:32:21.602+0000] {manager.py:997} INFO - 
================================================================================
DAG File Processing Stats

File Path                                        PID  Runtime      # DAGs    # Errors  Last Runtime    Last Run               Last # of DB Queries
---------------------------------------------  -----  ---------  --------  ----------  --------------  -------------------  ----------------------
/opt/airflow/dags/minio_connectivity_check.py    309  0.00s             1           0  0.09s           2026-03-10T17:31:51                      12
================================================================================
[2026-03-10T17:32:51.857+0000] {manager.py:997} INFO - 
================================================================================
DAG File Processing Stats

File Path                                        PID  Runtime      # DAGs    # Errors  Last Runtime    Last Run               Last # of DB Queries
---------------------------------------------  -----  ---------  --------  ----------  --------------  -------------------  ----------------------
/opt/airflow/dags/minio_connectivity_check.py    314  0.01s             1           0  0.09s           2026-03-10T17:32:21                      12
================================================================================
[2026-03-10T17:33:22.159+0000] {manager.py:997} INFO - 
================================================================================
DAG File Processing Stats

File Path                                        PID  Runtime      # DAGs    # Errors  Last Runtime    Last Run               Last # of DB Queries
---------------------------------------------  -----  ---------  --------  ----------  --------------  -------------------  ----------------------
/opt/airflow/dags/minio_connectivity_check.py    319  0.00s             1           0  0.10s           2026-03-10T17:32:51                      12
================================================================================
[2026-03-10T17:33:52.434+0000] {manager.py:997} INFO - 
================================================================================
DAG File Processing Stats

File Path                                        PID  Runtime      # DAGs    # Errors  Last Runtime    Last Run               Last # of DB Queries
---------------------------------------------  -----  ---------  --------  ----------  --------------  -------------------  ----------------------
/opt/airflow/dags/minio_connectivity_check.py    324  0.01s             1           0  0.08s           2026-03-10T17:33:22                      12
================================================================================
[2026-03-10T17:34:22.753+0000] {manager.py:997} INFO - 
================================================================================
DAG File Processing Stats

File Path                                        PID  Runtime      # DAGs    # Errors  Last Runtime    Last Run               Last # of DB Queries
---------------------------------------------  -----  ---------  --------  ----------  --------------  -------------------  ----------------------
/opt/airflow/dags/minio_connectivity_check.py    329  0.01s             1           0  0.10s           2026-03-10T17:33:52                      12
================================================================================
[2026-03-10T17:34:53.012+0000] {manager.py:997} INFO - 
================================================================================
DAG File Processing Stats

File Path                                        PID  Runtime      # DAGs    # Errors  Last Runtime    Last Run               Last # of DB Queries
---------------------------------------------  -----  ---------  --------  ----------  --------------  -------------------  ----------------------
/opt/airflow/dags/minio_connectivity_check.py    334  0.01s             1           0  0.10s           2026-03-10T17:34:22                      12
================================================================================
[2026-03-10T17:35:16.253+0000] {manager.py:821} INFO - Searching for files in /opt/airflow/dags
[2026-03-10T17:35:16.255+0000] {manager.py:824} INFO - There are 1 files in /opt/airflow/dags
[2026-03-10T17:35:23.333+0000] {manager.py:997} INFO - 
================================================================================
DAG File Processing Stats

File Path                                        PID  Runtime      # DAGs    # Errors  Last Runtime    Last Run               Last # of DB Queries
---------------------------------------------  -----  ---------  --------  ----------  --------------  -------------------  ----------------------
/opt/airflow/dags/minio_connectivity_check.py    339  0.01s             1           0  0.10s           2026-03-10T17:34:53                      12
================================================================================
[2026-03-10T17:35:53.624+0000] {manager.py:997} INFO - 
================================================================================
DAG File Processing Stats

File Path                                        PID  Runtime      # DAGs    # Errors  Last Runtime    Last Run               Last # of DB Queries
---------------------------------------------  -----  ---------  --------  ----------  --------------  -------------------  ----------------------
/opt/airflow/dags/minio_connectivity_check.py    344  0.01s             1           0  0.10s           2026-03-10T17:35:23                      12
================================================================================
[2026-03-10T17:36:23.910+0000] {manager.py:997} INFO - 
================================================================================
DAG File Processing Stats

File Path                                        PID  Runtime      # DAGs    # Errors  Last Runtime    Last Run               Last # of DB Queries
---------------------------------------------  -----  ---------  --------  ----------  --------------  -------------------  ----------------------
/opt/airflow/dags/minio_connectivity_check.py    349  0.00s             1           0  0.10s           2026-03-10T17:35:53                      12
================================================================================
[2026-03-10T17:36:54.192+0000] {manager.py:997} INFO - 
================================================================================
DAG File Processing Stats

File Path                                        PID  Runtime      # DAGs    # Errors  Last Runtime    Last Run               Last # of DB Queries
---------------------------------------------  -----  ---------  --------  ----------  --------------  -------------------  ----------------------
/opt/airflow/dags/minio_connectivity_check.py    354  0.01s             1           0  0.08s           2026-03-10T17:36:23                      12
================================================================================
[2026-03-10T17:37:24.488+0000] {manager.py:997} INFO - 
================================================================================
DAG File Processing Stats

File Path                                        PID  Runtime      # DAGs    # Errors  Last Runtime    Last Run               Last # of DB Queries
---------------------------------------------  -----  ---------  --------  ----------  --------------  -------------------  ----------------------
/opt/airflow/dags/minio_connectivity_check.py    359  0.01s             1           0  0.10s           2026-03-10T17:36:54                      12
================================================================================
[2026-03-10T17:37:54.757+0000] {manager.py:997} INFO - 
================================================================================
DAG File Processing Stats

File Path                                        PID  Runtime      # DAGs    # Errors  Last Runtime    Last Run               Last # of DB Queries
---------------------------------------------  -----  ---------  --------  ----------  --------------  -------------------  ----------------------
/opt/airflow/dags/minio_connectivity_check.py    364  0.00s             1           0  0.09s           2026-03-10T17:37:24                      12
================================================================================
[2026-03-10T17:38:25.073+0000] {manager.py:997} INFO - 
================================================================================
DAG File Processing Stats

File Path                                        PID  Runtime      # DAGs    # Errors  Last Runtime    Last Run               Last # of DB Queries
---------------------------------------------  -----  ---------  --------  ----------  --------------  -------------------  ----------------------
/opt/airflow/dags/minio_connectivity_check.py    369  0.01s             1           0  0.10s           2026-03-10T17:37:54                      12
================================================================================
[2026-03-10T17:38:55.762+0000] {manager.py:997} INFO - 
================================================================================
DAG File Processing Stats

File Path                                        PID  Runtime      # DAGs    # Errors  Last Runtime    Last Run               Last # of DB Queries
---------------------------------------------  -----  ---------  --------  ----------  --------------  -------------------  ----------------------
/opt/airflow/dags/minio_connectivity_check.py    374  0.00s             1           0  0.09s           2026-03-10T17:38:25                      12
================================================================================
[2026-03-10T17:39:26.048+0000] {manager.py:997} INFO - 
================================================================================
DAG File Processing Stats

File Path                                        PID  Runtime      # DAGs    # Errors  Last Runtime    Last Run               Last # of DB Queries
---------------------------------------------  -----  ---------  --------  ----------  --------------  -------------------  ----------------------
/opt/airflow/dags/minio_connectivity_check.py    379  0.00s             1           0  0.09s           2026-03-10T17:38:55                      12
================================================================================
[2026-03-10T17:39:56.156+0000] {manager.py:997} INFO - 
================================================================================
DAG File Processing Stats

File Path                                        PID  Runtime      # DAGs    # Errors  Last Runtime    Last Run               Last # of DB Queries
---------------------------------------------  -----  ---------  --------  ----------  --------------  -------------------  ----------------------
/opt/airflow/dags/minio_connectivity_check.py    384  0.00s             1           0  0.09s           2026-03-10T17:39:26                      12
================================================================================
[2026-03-10T17:40:16.374+0000] {manager.py:821} INFO - Searching for files in /opt/airflow/dags
[2026-03-10T17:40:16.380+0000] {manager.py:824} INFO - There are 1 files in /opt/airflow/dags
[2026-03-10T17:40:26.453+0000] {manager.py:997} INFO - 
================================================================================
DAG File Processing Stats

File Path                                        PID  Runtime      # DAGs    # Errors  Last Runtime    Last Run               Last # of DB Queries
---------------------------------------------  -----  ---------  --------  ----------  --------------  -------------------  ----------------------
/opt/airflow/dags/minio_connectivity_check.py    389  0.00s             1           0  0.09s           2026-03-10T17:39:56                      12
================================================================================
[2026-03-10T17:40:56.696+0000] {manager.py:997} INFO - 
================================================================================
DAG File Processing Stats

File Path                                        PID  Runtime      # DAGs    # Errors  Last Runtime    Last Run               Last # of DB Queries
---------------------------------------------  -----  ---------  --------  ----------  --------------  -------------------  ----------------------
/opt/airflow/dags/minio_connectivity_check.py    394  0.01s             1           0  0.09s           2026-03-10T17:40:26                      12
================================================================================
[2026-03-10T17:41:27.091+0000] {manager.py:997} INFO - 
================================================================================
DAG File Processing Stats

File Path                                        PID  Runtime      # DAGs    # Errors  Last Runtime    Last Run               Last # of DB Queries
---------------------------------------------  -----  ---------  --------  ----------  --------------  -------------------  ----------------------
/opt/airflow/dags/minio_connectivity_check.py    399  0.01s             1           0  0.10s           2026-03-10T17:40:56                      12
================================================================================
[2026-03-10T17:41:57.392+0000] {manager.py:997} INFO - 
================================================================================
DAG File Processing Stats

File Path                                        PID  Runtime      # DAGs    # Errors  Last Runtime    Last Run               Last # of DB Queries
---------------------------------------------  -----  ---------  --------  ----------  --------------  -------------------  ----------------------
/opt/airflow/dags/minio_connectivity_check.py    404  0.01s             1           0  0.10s           2026-03-10T17:41:27                      12
================================================================================
[2026-03-10T17:42:27.599+0000] {manager.py:997} INFO - 
================================================================================
DAG File Processing Stats

File Path                                        PID  Runtime      # DAGs    # Errors  Last Runtime    Last Run               Last # of DB Queries
---------------------------------------------  -----  ---------  --------  ----------  --------------  -------------------  ----------------------
/opt/airflow/dags/minio_connectivity_check.py    409  0.00s             1           0  0.10s           2026-03-10T17:41:57                      12
================================================================================
[2026-03-10T17:42:57.821+0000] {manager.py:997} INFO - 
================================================================================
DAG File Processing Stats

File Path                                        PID  Runtime      # DAGs    # Errors  Last Runtime    Last Run               Last # of DB Queries
---------------------------------------------  -----  ---------  --------  ----------  --------------  -------------------  ----------------------
/opt/airflow/dags/minio_connectivity_check.py    414  0.01s             1           0  0.10s           2026-03-10T17:42:27                      12
================================================================================
[2026-03-10T17:43:28.224+0000] {manager.py:997} INFO - 
================================================================================
DAG File Processing Stats

File Path                                        PID  Runtime      # DAGs    # Errors  Last Runtime    Last Run               Last # of DB Queries
---------------------------------------------  -----  ---------  --------  ----------  --------------  -------------------  ----------------------
/opt/airflow/dags/minio_connectivity_check.py    419  0.01s             1           0  0.10s           2026-03-10T17:42:57                      12
================================================================================
[2026-03-10T17:43:58.557+0000] {manager.py:997} INFO - 
================================================================================
DAG File Processing Stats

File Path                                        PID  Runtime      # DAGs    # Errors  Last Runtime    Last Run               Last # of DB Queries
---------------------------------------------  -----  ---------  --------  ----------  --------------  -------------------  ----------------------
/opt/airflow/dags/minio_connectivity_check.py    424  0.00s             1           0  0.10s           2026-03-10T17:43:28                      12
================================================================================
[2026-03-10T17:44:28.930+0000] {manager.py:997} INFO - 
================================================================================
DAG File Processing Stats

File Path                                        PID  Runtime      # DAGs    # Errors  Last Runtime    Last Run               Last # of DB Queries
---------------------------------------------  -----  ---------  --------  ----------  --------------  -------------------  ----------------------
/opt/airflow/dags/minio_connectivity_check.py    429  0.01s             1           0  0.10s           2026-03-10T17:43:58                      12
================================================================================
[2026-03-10T17:44:59.216+0000] {manager.py:997} INFO - 
================================================================================
DAG File Processing Stats

File Path                                        PID  Runtime      # DAGs    # Errors  Last Runtime    Last Run               Last # of DB Queries
---------------------------------------------  -----  ---------  --------  ----------  --------------  -------------------  ----------------------
/opt/airflow/dags/minio_connectivity_check.py    434  0.00s             1           0  0.09s           2026-03-10T17:44:29                      12
================================================================================
[2026-03-10T17:45:16.397+0000] {manager.py:821} INFO - Searching for files in /opt/airflow/dags
[2026-03-10T17:45:16.402+0000] {manager.py:824} INFO - There are 1 files in /opt/airflow/dags
[2026-03-10T17:45:29.526+0000] {manager.py:997} INFO - 
================================================================================
DAG File Processing Stats

File Path                                        PID  Runtime      # DAGs    # Errors  Last Runtime    Last Run               Last # of DB Queries
---------------------------------------------  -----  ---------  --------  ----------  --------------  -------------------  ----------------------
/opt/airflow/dags/minio_connectivity_check.py    439  0.00s             1           0  0.10s           2026-03-10T17:44:59                      12
================================================================================
[2026-03-10T17:45:59.843+0000] {manager.py:997} INFO - 
================================================================================
DAG File Processing Stats

File Path                                        PID  Runtime      # DAGs    # Errors  Last Runtime    Last Run               Last # of DB Queries
---------------------------------------------  -----  ---------  --------  ----------  --------------  -------------------  ----------------------
/opt/airflow/dags/minio_connectivity_check.py    444  0.01s             1           0  0.09s           2026-03-10T17:45:29                      12
================================================================================
[2026-03-10T17:46:30.174+0000] {manager.py:997} INFO - 
================================================================================
DAG File Processing Stats

File Path                                        PID  Runtime      # DAGs    # Errors  Last Runtime    Last Run               Last # of DB Queries
---------------------------------------------  -----  ---------  --------  ----------  --------------  -------------------  ----------------------
/opt/airflow/dags/minio_connectivity_check.py    449  0.01s             1           0  0.09s           2026-03-10T17:45:59                      12
================================================================================
[2026-03-10T17:47:00.455+0000] {manager.py:997} INFO - 
================================================================================
DAG File Processing Stats

File Path                                        PID  Runtime      # DAGs    # Errors  Last Runtime    Last Run               Last # of DB Queries
---------------------------------------------  -----  ---------  --------  ----------  --------------  -------------------  ----------------------
/opt/airflow/dags/minio_connectivity_check.py    454  0.00s             1           0  0.09s           2026-03-10T17:46:30                      12
================================================================================
[2026-03-10T17:47:30.645+0000] {manager.py:997} INFO - 
================================================================================
DAG File Processing Stats

File Path                                        PID  Runtime      # DAGs    # Errors  Last Runtime    Last Run               Last # of DB Queries
---------------------------------------------  -----  ---------  --------  ----------  --------------  -------------------  ----------------------
/opt/airflow/dags/minio_connectivity_check.py    459  0.01s             1           0  0.08s           2026-03-10T17:47:00                      12
================================================================================
[2026-03-10T17:48:00.896+0000] {manager.py:997} INFO - 
================================================================================
DAG File Processing Stats

File Path                                        PID  Runtime      # DAGs    # Errors  Last Runtime    Last Run               Last # of DB Queries
---------------------------------------------  -----  ---------  --------  ----------  --------------  -------------------  ----------------------
/opt/airflow/dags/minio_connectivity_check.py    464  0.01s             1           0  0.10s           2026-03-10T17:47:30                      12
================================================================================
[2026-03-10T17:48:31.216+0000] {manager.py:997} INFO - 
================================================================================
DAG File Processing Stats

File Path                                        PID  Runtime      # DAGs    # Errors  Last Runtime    Last Run               Last # of DB Queries
---------------------------------------------  -----  ---------  --------  ----------  --------------  -------------------  ----------------------
/opt/airflow/dags/minio_connectivity_check.py    469  0.01s             1           0  0.10s           2026-03-10T17:48:00                      12
================================================================================
[2026-03-10T17:49:01.568+0000] {manager.py:997} INFO - 
================================================================================
DAG File Processing Stats

File Path                                        PID  Runtime      # DAGs    # Errors  Last Runtime    Last Run               Last # of DB Queries
---------------------------------------------  -----  ---------  --------  ----------  --------------  -------------------  ----------------------
/opt/airflow/dags/minio_connectivity_check.py    474  0.01s             1           0  0.09s           2026-03-10T17:48:31                      12
================================================================================
[2026-03-10T17:49:31.824+0000] {manager.py:997} INFO - 
================================================================================
DAG File Processing Stats

File Path                                        PID  Runtime      # DAGs    # Errors  Last Runtime    Last Run               Last # of DB Queries
---------------------------------------------  -----  ---------  --------  ----------  --------------  -------------------  ----------------------
/opt/airflow/dags/minio_connectivity_check.py    479  0.01s             1           0  0.10s           2026-03-10T17:49:01                      12
================================================================================
[2026-03-10T17:50:02.089+0000] {manager.py:997} INFO - 
================================================================================
DAG File Processing Stats

File Path                                        PID  Runtime      # DAGs    # Errors  Last Runtime    Last Run               Last # of DB Queries
---------------------------------------------  -----  ---------  --------  ----------  --------------  -------------------  ----------------------
/opt/airflow/dags/minio_connectivity_check.py    484  0.01s             1           0  0.10s           2026-03-10T17:49:31                      12
================================================================================
[2026-03-10T17:50:17.198+0000] {manager.py:821} INFO - Searching for files in /opt/airflow/dags
[2026-03-10T17:50:17.205+0000] {manager.py:824} INFO - There are 1 files in /opt/airflow/dags
[2026-03-10T17:50:32.343+0000] {manager.py:997} INFO - 
================================================================================
DAG File Processing Stats

File Path                                        PID  Runtime      # DAGs    # Errors  Last Runtime    Last Run               Last # of DB Queries
---------------------------------------------  -----  ---------  --------  ----------  --------------  -------------------  ----------------------
/opt/airflow/dags/minio_connectivity_check.py    489  0.01s             1           0  0.10s           2026-03-10T17:50:02                      12
================================================================================
[2026-03-10T17:51:02.572+0000] {manager.py:997} INFO - 
================================================================================
DAG File Processing Stats

File Path                                        PID  Runtime      # DAGs    # Errors  Last Runtime    Last Run               Last # of DB Queries
---------------------------------------------  -----  ---------  --------  ----------  --------------  -------------------  ----------------------
/opt/airflow/dags/minio_connectivity_check.py    494  0.01s             1           0  0.09s           2026-03-10T17:50:32                      12
================================================================================
[2026-03-10T17:51:32.887+0000] {manager.py:997} INFO - 
================================================================================
DAG File Processing Stats

File Path                                        PID  Runtime      # DAGs    # Errors  Last Runtime    Last Run               Last # of DB Queries
---------------------------------------------  -----  ---------  --------  ----------  --------------  -------------------  ----------------------
/opt/airflow/dags/minio_connectivity_check.py    499  0.00s             1           0  0.09s           2026-03-10T17:51:02                      12
================================================================================
[2026-03-10T17:52:03.255+0000] {manager.py:997} INFO - 
================================================================================
DAG File Processing Stats

File Path                                        PID  Runtime      # DAGs    # Errors  Last Runtime    Last Run               Last # of DB Queries
---------------------------------------------  -----  ---------  --------  ----------  --------------  -------------------  ----------------------
/opt/airflow/dags/minio_connectivity_check.py    504  0.00s             1           0  0.10s           2026-03-10T17:51:32                      12
================================================================================
[2026-03-10T17:52:33.436+0000] {manager.py:997} INFO - 
================================================================================
DAG File Processing Stats

File Path                                        PID  Runtime      # DAGs    # Errors  Last Runtime    Last Run               Last # of DB Queries
---------------------------------------------  -----  ---------  --------  ----------  --------------  -------------------  ----------------------
/opt/airflow/dags/minio_connectivity_check.py    509  0.01s             1           0  0.09s           2026-03-10T17:52:03                      12
================================================================================
[2026-03-10T17:53:03.832+0000] {manager.py:997} INFO - 
================================================================================
DAG File Processing Stats

File Path                                        PID  Runtime      # DAGs    # Errors  Last Runtime    Last Run               Last # of DB Queries
---------------------------------------------  -----  ---------  --------  ----------  --------------  -------------------  ----------------------
/opt/airflow/dags/minio_connectivity_check.py    514  0.01s             1           0  0.09s           2026-03-10T17:52:33                      12
================================================================================
[2026-03-10T17:53:34.097+0000] {manager.py:997} INFO - 
================================================================================
DAG File Processing Stats

File Path                                        PID  Runtime      # DAGs    # Errors  Last Runtime    Last Run               Last # of DB Queries
---------------------------------------------  -----  ---------  --------  ----------  --------------  -------------------  ----------------------
/opt/airflow/dags/minio_connectivity_check.py    519  0.01s             1           0  0.09s           2026-03-10T17:53:03                      12
================================================================================
[2026-03-10T17:54:04.342+0000] {manager.py:997} INFO - 
================================================================================
DAG File Processing Stats

File Path                                        PID  Runtime      # DAGs    # Errors  Last Runtime    Last Run               Last # of DB Queries
---------------------------------------------  -----  ---------  --------  ----------  --------------  -------------------  ----------------------
/opt/airflow/dags/minio_connectivity_check.py    524  0.01s             1           0  0.09s           2026-03-10T17:53:34                      12
================================================================================
[2026-03-10T17:54:34.657+0000] {manager.py:997} INFO - 
================================================================================
DAG File Processing Stats

File Path                                        PID  Runtime      # DAGs    # Errors  Last Runtime    Last Run               Last # of DB Queries
---------------------------------------------  -----  ---------  --------  ----------  --------------  -------------------  ----------------------
/opt/airflow/dags/minio_connectivity_check.py    529  0.01s             1           0  0.09s           2026-03-10T17:54:04                      12
================================================================================
[2026-03-10T17:55:04.974+0000] {manager.py:997} INFO - 
================================================================================
DAG File Processing Stats

File Path                                        PID  Runtime      # DAGs    # Errors  Last Runtime    Last Run               Last # of DB Queries
---------------------------------------------  -----  ---------  --------  ----------  --------------  -------------------  ----------------------
/opt/airflow/dags/minio_connectivity_check.py    534  0.01s             1           0  0.10s           2026-03-10T17:54:34                      12
================================================================================
[2026-03-10T17:55:18.106+0000] {manager.py:821} INFO - Searching for files in /opt/airflow/dags
[2026-03-10T17:55:18.108+0000] {manager.py:824} INFO - There are 1 files in /opt/airflow/dags
[2026-03-10T17:55:35.256+0000] {manager.py:997} INFO - 
================================================================================
DAG File Processing Stats

File Path                                        PID  Runtime      # DAGs    # Errors  Last Runtime    Last Run               Last # of DB Queries
---------------------------------------------  -----  ---------  --------  ----------  --------------  -------------------  ----------------------
/opt/airflow/dags/minio_connectivity_check.py    539  0.00s             1           0  0.09s           2026-03-10T17:55:05                      12
================================================================================
[2026-03-10T17:56:05.537+0000] {manager.py:997} INFO - 
================================================================================
DAG File Processing Stats

File Path                                        PID  Runtime      # DAGs    # Errors  Last Runtime    Last Run               Last # of DB Queries
---------------------------------------------  -----  ---------  --------  ----------  --------------  -------------------  ----------------------
/opt/airflow/dags/minio_connectivity_check.py    544  0.01s             1           0  0.09s           2026-03-10T17:55:35                      12
================================================================================
[2026-03-10T17:56:35.841+0000] {manager.py:997} INFO - 
================================================================================
DAG File Processing Stats

File Path                                        PID  Runtime      # DAGs    # Errors  Last Runtime    Last Run               Last # of DB Queries
---------------------------------------------  -----  ---------  --------  ----------  --------------  -------------------  ----------------------
/opt/airflow/dags/minio_connectivity_check.py    549  0.00s             1           0  0.11s           2026-03-10T17:56:05                      12
================================================================================
[2026-03-10T17:57:06.158+0000] {manager.py:997} INFO - 
================================================================================
DAG File Processing Stats

File Path                                        PID  Runtime      # DAGs    # Errors  Last Runtime    Last Run               Last # of DB Queries
---------------------------------------------  -----  ---------  --------  ----------  --------------  -------------------  ----------------------
/opt/airflow/dags/minio_connectivity_check.py    554  0.01s             1           0  0.09s           2026-03-10T17:56:35                      12
================================================================================
[2026-03-10T17:57:36.469+0000] {manager.py:997} INFO - 
================================================================================
DAG File Processing Stats

File Path                                        PID  Runtime      # DAGs    # Errors  Last Runtime    Last Run               Last # of DB Queries
---------------------------------------------  -----  ---------  --------  ----------  --------------  -------------------  ----------------------
/opt/airflow/dags/minio_connectivity_check.py    559  0.01s             1           0  0.10s           2026-03-10T17:57:06                      12
================================================================================
[2026-03-10T17:58:06.773+0000] {manager.py:997} INFO - 
================================================================================
DAG File Processing Stats

File Path                                        PID  Runtime      # DAGs    # Errors  Last Runtime    Last Run               Last # of DB Queries
---------------------------------------------  -----  ---------  --------  ----------  --------------  -------------------  ----------------------
/opt/airflow/dags/minio_connectivity_check.py    564  0.00s             1           0  0.10s           2026-03-10T17:57:36                      12
================================================================================
[2026-03-10T17:58:37.111+0000] {manager.py:997} INFO - 
================================================================================
DAG File Processing Stats

File Path                                        PID  Runtime      # DAGs    # Errors  Last Runtime    Last Run               Last # of DB Queries
---------------------------------------------  -----  ---------  --------  ----------  --------------  -------------------  ----------------------
/opt/airflow/dags/minio_connectivity_check.py    569  0.00s             1           0  0.09s           2026-03-10T17:58:06                      12
================================================================================
[2026-03-10T17:59:07.374+0000] {manager.py:997} INFO - 
================================================================================
DAG File Processing Stats

File Path                                        PID  Runtime      # DAGs    # Errors  Last Runtime    Last Run               Last # of DB Queries
---------------------------------------------  -----  ---------  --------  ----------  --------------  -------------------  ----------------------
/opt/airflow/dags/minio_connectivity_check.py    574  0.01s             1           0  0.08s           2026-03-10T17:58:37                      12
================================================================================
[2026-03-10T17:59:37.704+0000] {manager.py:997} INFO - 
================================================================================
DAG File Processing Stats

File Path                                        PID  Runtime      # DAGs    # Errors  Last Runtime    Last Run               Last # of DB Queries
---------------------------------------------  -----  ---------  --------  ----------  --------------  -------------------  ----------------------
/opt/airflow/dags/minio_connectivity_check.py    579  0.01s             1           0  0.11s           2026-03-10T17:59:07                      12
================================================================================
[2026-03-10T18:00:08.014+0000] {manager.py:997} INFO - 
================================================================================
DAG File Processing Stats

File Path                                        PID  Runtime      # DAGs    # Errors  Last Runtime    Last Run               Last # of DB Queries
---------------------------------------------  -----  ---------  --------  ----------  --------------  -------------------  ----------------------
/opt/airflow/dags/minio_connectivity_check.py    584  0.00s             1           0  0.09s           2026-03-10T17:59:37                      12
================================================================================
[2026-03-10T18:00:18.120+0000] {manager.py:821} INFO - Searching for files in /opt/airflow/dags
[2026-03-10T18:00:18.127+0000] {manager.py:824} INFO - There are 1 files in /opt/airflow/dags
[2026-03-10T18:00:38.316+0000] {manager.py:997} INFO - 
================================================================================
DAG File Processing Stats

File Path                                        PID  Runtime      # DAGs    # Errors  Last Runtime    Last Run               Last # of DB Queries
---------------------------------------------  -----  ---------  --------  ----------  --------------  -------------------  ----------------------
/opt/airflow/dags/minio_connectivity_check.py    589  0.01s             1           0  0.09s           2026-03-10T18:00:08                      12
================================================================================
[2026-03-10T18:01:08.612+0000] {manager.py:997} INFO - 
================================================================================
DAG File Processing Stats

File Path                                        PID  Runtime      # DAGs    # Errors  Last Runtime    Last Run               Last # of DB Queries
---------------------------------------------  -----  ---------  --------  ----------  --------------  -------------------  ----------------------
/opt/airflow/dags/minio_connectivity_check.py    594  0.00s             1           0  0.09s           2026-03-10T18:00:38                      12
================================================================================
[2026-03-10T18:01:38.923+0000] {manager.py:997} INFO - 
================================================================================
DAG File Processing Stats

File Path                                        PID  Runtime      # DAGs    # Errors  Last Runtime    Last Run               Last # of DB Queries
---------------------------------------------  -----  ---------  --------  ----------  --------------  -------------------  ----------------------
/opt/airflow/dags/minio_connectivity_check.py    599  0.01s             1           0  0.09s           2026-03-10T18:01:08                      12
================================================================================
[2026-03-10T18:02:09.197+0000] {manager.py:997} INFO - 
================================================================================
DAG File Processing Stats

File Path                                        PID  Runtime      # DAGs    # Errors  Last Runtime    Last Run               Last # of DB Queries
---------------------------------------------  -----  ---------  --------  ----------  --------------  -------------------  ----------------------
/opt/airflow/dags/minio_connectivity_check.py    604  0.01s             1           0  0.10s           2026-03-10T18:01:39                      12
================================================================================
[2026-03-10T18:02:39.516+0000] {manager.py:997} INFO - 
================================================================================
DAG File Processing Stats

File Path                                        PID  Runtime      # DAGs    # Errors  Last Runtime    Last Run               Last # of DB Queries
---------------------------------------------  -----  ---------  --------  ----------  --------------  -------------------  ----------------------
/opt/airflow/dags/minio_connectivity_check.py    609  0.00s             1           0  0.11s           2026-03-10T18:02:09                      12
================================================================================
[2026-03-10T18:03:09.809+0000] {manager.py:997} INFO - 
================================================================================
DAG File Processing Stats

File Path                                        PID  Runtime      # DAGs    # Errors  Last Runtime    Last Run               Last # of DB Queries
---------------------------------------------  -----  ---------  --------  ----------  --------------  -------------------  ----------------------
/opt/airflow/dags/minio_connectivity_check.py    614  0.01s             1           0  0.11s           2026-03-10T18:02:39                      12
================================================================================
[2026-03-10T18:03:40.124+0000] {manager.py:997} INFO - 
================================================================================
DAG File Processing Stats

File Path                                        PID  Runtime      # DAGs    # Errors  Last Runtime    Last Run               Last # of DB Queries
---------------------------------------------  -----  ---------  --------  ----------  --------------  -------------------  ----------------------
/opt/airflow/dags/minio_connectivity_check.py    619  0.01s             1           0  0.10s           2026-03-10T18:03:09                      12
================================================================================
[2026-03-10T18:04:10.145+0000] {manager.py:997} INFO - 
================================================================================
DAG File Processing Stats

File Path                                      PID    Runtime      # DAGs    # Errors  Last Runtime    Last Run               Last # of DB Queries
---------------------------------------------  -----  ---------  --------  ----------  --------------  -------------------  ----------------------
/opt/airflow/dags/minio_connectivity_check.py                           1           0  0.09s           2026-03-10T18:03:40                      12
================================================================================
[2026-03-10T18:04:40.390+0000] {manager.py:997} INFO - 
================================================================================
DAG File Processing Stats

File Path                                      PID    Runtime      # DAGs    # Errors  Last Runtime    Last Run               Last # of DB Queries
---------------------------------------------  -----  ---------  --------  ----------  --------------  -------------------  ----------------------
/opt/airflow/dags/minio_connectivity_check.py                           1           0  0.11s           2026-03-10T18:04:11                      12
================================================================================
[2026-03-10T18:05:10.657+0000] {manager.py:997} INFO - 
================================================================================
DAG File Processing Stats

File Path                                      PID    Runtime      # DAGs    # Errors  Last Runtime    Last Run               Last # of DB Queries
---------------------------------------------  -----  ---------  --------  ----------  --------------  -------------------  ----------------------
/opt/airflow/dags/minio_connectivity_check.py                           1           0  0.11s           2026-03-10T18:04:41                      12
================================================================================
[2026-03-10T18:05:18.727+0000] {manager.py:821} INFO - Searching for files in /opt/airflow/dags
[2026-03-10T18:05:18.729+0000] {manager.py:824} INFO - There are 1 files in /opt/airflow/dags
[2026-03-10T18:05:40.918+0000] {manager.py:997} INFO - 
================================================================================
DAG File Processing Stats

File Path                                      PID    Runtime      # DAGs    # Errors  Last Runtime    Last Run               Last # of DB Queries
---------------------------------------------  -----  ---------  --------  ----------  --------------  -------------------  ----------------------
/opt/airflow/dags/minio_connectivity_check.py                           1           0  0.11s           2026-03-10T18:05:11                      12
================================================================================
[2026-03-10T18:06:11.146+0000] {manager.py:997} INFO - 
================================================================================
DAG File Processing Stats

File Path                                      PID    Runtime      # DAGs    # Errors  Last Runtime    Last Run               Last # of DB Queries
---------------------------------------------  -----  ---------  --------  ----------  --------------  -------------------  ----------------------
/opt/airflow/dags/minio_connectivity_check.py                           1           0  0.10s           2026-03-10T18:05:42                      12
================================================================================
[2026-03-10T18:06:41.527+0000] {manager.py:997} INFO - 
================================================================================
DAG File Processing Stats

File Path                                      PID    Runtime      # DAGs    # Errors  Last Runtime    Last Run               Last # of DB Queries
---------------------------------------------  -----  ---------  --------  ----------  --------------  -------------------  ----------------------
/opt/airflow/dags/minio_connectivity_check.py                           1           0  0.10s           2026-03-10T18:06:12                      12
================================================================================
[2026-03-10T18:07:11.863+0000] {manager.py:997} INFO - 
================================================================================
DAG File Processing Stats

File Path                                      PID    Runtime      # DAGs    # Errors  Last Runtime    Last Run               Last # of DB Queries
---------------------------------------------  -----  ---------  --------  ----------  --------------  -------------------  ----------------------
/opt/airflow/dags/minio_connectivity_check.py                           1           0  0.10s           2026-03-10T18:06:42                      12
================================================================================
[2026-03-10T18:07:42.140+0000] {manager.py:997} INFO - 
================================================================================
DAG File Processing Stats

File Path                                      PID    Runtime      # DAGs    # Errors  Last Runtime    Last Run               Last # of DB Queries
---------------------------------------------  -----  ---------  --------  ----------  --------------  -------------------  ----------------------
/opt/airflow/dags/minio_connectivity_check.py                           1           0  0.10s           2026-03-10T18:07:12                      12
================================================================================
[2026-03-10T18:08:12.357+0000] {manager.py:997} INFO - 
================================================================================
DAG File Processing Stats

File Path                                      PID    Runtime      # DAGs    # Errors  Last Runtime    Last Run               Last # of DB Queries
---------------------------------------------  -----  ---------  --------  ----------  --------------  -------------------  ----------------------
/opt/airflow/dags/minio_connectivity_check.py                           1           0  0.10s           2026-03-10T18:07:43                      12
================================================================================
[2026-03-10T18:08:42.646+0000] {manager.py:997} INFO - 
================================================================================
DAG File Processing Stats

File Path                                      PID    Runtime      # DAGs    # Errors  Last Runtime    Last Run               Last # of DB Queries
---------------------------------------------  -----  ---------  --------  ----------  --------------  -------------------  ----------------------
/opt/airflow/dags/minio_connectivity_check.py                           1           0  0.10s           2026-03-10T18:08:13                      12
================================================================================
[2026-03-10T18:09:12.977+0000] {manager.py:997} INFO - 
================================================================================
DAG File Processing Stats

File Path                                      PID    Runtime      # DAGs    # Errors  Last Runtime    Last Run               Last # of DB Queries
---------------------------------------------  -----  ---------  --------  ----------  --------------  -------------------  ----------------------
/opt/airflow/dags/minio_connectivity_check.py                           1           0  0.08s           2026-03-10T18:08:43                      12
================================================================================
[2026-03-10T18:09:43.320+0000] {manager.py:997} INFO - 
================================================================================
DAG File Processing Stats

File Path                                      PID    Runtime      # DAGs    # Errors  Last Runtime    Last Run               Last # of DB Queries
---------------------------------------------  -----  ---------  --------  ----------  --------------  -------------------  ----------------------
/opt/airflow/dags/minio_connectivity_check.py                           1           0  0.11s           2026-03-10T18:09:14                      12
================================================================================
[2026-03-10T18:10:13.609+0000] {manager.py:997} INFO - 
================================================================================
DAG File Processing Stats

File Path                                      PID    Runtime      # DAGs    # Errors  Last Runtime    Last Run               Last # of DB Queries
---------------------------------------------  -----  ---------  --------  ----------  --------------  -------------------  ----------------------
/opt/airflow/dags/minio_connectivity_check.py                           1           0  0.09s           2026-03-10T18:09:44                      12
================================================================================
[2026-03-10T18:10:18.784+0000] {manager.py:821} INFO - Searching for files in /opt/airflow/dags
[2026-03-10T18:10:18.790+0000] {manager.py:824} INFO - There are 1 files in /opt/airflow/dags
[2026-03-10T18:10:43.948+0000] {manager.py:997} INFO - 
================================================================================
DAG File Processing Stats

File Path                                      PID    Runtime      # DAGs    # Errors  Last Runtime    Last Run               Last # of DB Queries
---------------------------------------------  -----  ---------  --------  ----------  --------------  -------------------  ----------------------
/opt/airflow/dags/minio_connectivity_check.py                           1           0  0.11s           2026-03-10T18:10:14                      12
================================================================================
[2026-03-10T18:11:14.267+0000] {manager.py:997} INFO - 
================================================================================
DAG File Processing Stats

File Path                                      PID    Runtime      # DAGs    # Errors  Last Runtime    Last Run               Last # of DB Queries
---------------------------------------------  -----  ---------  --------  ----------  --------------  -------------------  ----------------------
/opt/airflow/dags/minio_connectivity_check.py                           1           0  0.11s           2026-03-10T18:10:45                      12
================================================================================
[2026-03-10T18:11:44.581+0000] {manager.py:997} INFO - 
================================================================================
DAG File Processing Stats

File Path                                      PID    Runtime      # DAGs    # Errors  Last Runtime    Last Run               Last # of DB Queries
---------------------------------------------  -----  ---------  --------  ----------  --------------  -------------------  ----------------------
/opt/airflow/dags/minio_connectivity_check.py                           1           0  0.09s           2026-03-10T18:11:15                      12
================================================================================
[2026-03-10T18:12:14.889+0000] {manager.py:997} INFO - 
================================================================================
DAG File Processing Stats

File Path                                      PID    Runtime      # DAGs    # Errors  Last Runtime    Last Run               Last # of DB Queries
---------------------------------------------  -----  ---------  --------  ----------  --------------  -------------------  ----------------------
/opt/airflow/dags/minio_connectivity_check.py                           1           0  0.09s           2026-03-10T18:11:45                      12
================================================================================
[2026-03-10T18:12:45.182+0000] {manager.py:997} INFO - 
================================================================================
DAG File Processing Stats

File Path                                      PID    Runtime      # DAGs    # Errors  Last Runtime    Last Run               Last # of DB Queries
---------------------------------------------  -----  ---------  --------  ----------  --------------  -------------------  ----------------------
/opt/airflow/dags/minio_connectivity_check.py                           1           0  0.10s           2026-03-10T18:12:15                      12
================================================================================
[2026-03-10T18:13:15.456+0000] {manager.py:997} INFO - 
================================================================================
DAG File Processing Stats

File Path                                      PID    Runtime      # DAGs    # Errors  Last Runtime    Last Run               Last # of DB Queries
---------------------------------------------  -----  ---------  --------  ----------  --------------  -------------------  ----------------------
/opt/airflow/dags/minio_connectivity_check.py                           1           0  0.11s           2026-03-10T18:12:46                      12
================================================================================
[2026-03-10T18:13:45.831+0000] {manager.py:997} INFO - 
================================================================================
DAG File Processing Stats

File Path                                      PID    Runtime      # DAGs    # Errors  Last Runtime    Last Run               Last # of DB Queries
---------------------------------------------  -----  ---------  --------  ----------  --------------  -------------------  ----------------------
/opt/airflow/dags/minio_connectivity_check.py                           1           0  0.10s           2026-03-10T18:13:16                      12
================================================================================
[2026-03-10T18:14:16.104+0000] {manager.py:997} INFO - 
================================================================================
DAG File Processing Stats

File Path                                      PID    Runtime      # DAGs    # Errors  Last Runtime    Last Run               Last # of DB Queries
---------------------------------------------  -----  ---------  --------  ----------  --------------  -------------------  ----------------------
/opt/airflow/dags/minio_connectivity_check.py                           1           0  0.09s           2026-03-10T18:13:46                      12
================================================================================
[2026-03-10T18:14:46.447+0000] {manager.py:997} INFO - 
================================================================================
DAG File Processing Stats

File Path                                      PID    Runtime      # DAGs    # Errors  Last Runtime    Last Run               Last # of DB Queries
---------------------------------------------  -----  ---------  --------  ----------  --------------  -------------------  ----------------------
/opt/airflow/dags/minio_connectivity_check.py                           1           0  0.09s           2026-03-10T18:14:17                      12
================================================================================
[2026-03-10T18:15:16.734+0000] {manager.py:997} INFO - 
================================================================================
DAG File Processing Stats

File Path                                      PID    Runtime      # DAGs    # Errors  Last Runtime    Last Run               Last # of DB Queries
---------------------------------------------  -----  ---------  --------  ----------  --------------  -------------------  ----------------------
/opt/airflow/dags/minio_connectivity_check.py                           1           0  0.09s           2026-03-10T18:14:47                      12
================================================================================
[2026-03-10T18:15:18.791+0000] {manager.py:821} INFO - Searching for files in /opt/airflow/dags
[2026-03-10T18:15:18.794+0000] {manager.py:824} INFO - There are 1 files in /opt/airflow/dags
[2026-03-10T18:15:47.059+0000] {manager.py:997} INFO - 
================================================================================
DAG File Processing Stats

File Path                                      PID    Runtime      # DAGs    # Errors  Last Runtime    Last Run               Last # of DB Queries
---------------------------------------------  -----  ---------  --------  ----------  --------------  -------------------  ----------------------
/opt/airflow/dags/minio_connectivity_check.py                           1           0  0.10s           2026-03-10T18:15:17                      12
================================================================================
[2026-03-10T18:16:16.932+0000] {manager.py:997} INFO - 
================================================================================
DAG File Processing Stats

File Path                                      PID    Runtime      # DAGs    # Errors  Last Runtime    Last Run               Last # of DB Queries
---------------------------------------------  -----  ---------  --------  ----------  --------------  -------------------  ----------------------
/opt/airflow/dags/minio_connectivity_check.py                           1           0  0.09s           2026-03-10T18:15:48                      12
================================================================================
[2026-03-10T18:16:47.432+0000] {manager.py:997} INFO - 
================================================================================
DAG File Processing Stats

File Path                                      PID    Runtime      # DAGs    # Errors  Last Runtime    Last Run               Last # of DB Queries
---------------------------------------------  -----  ---------  --------  ----------  --------------  -------------------  ----------------------
/opt/airflow/dags/minio_connectivity_check.py                           1           0  0.11s           2026-03-10T18:16:19                      12
================================================================================
[2026-03-10T18:17:17.569+0000] {manager.py:997} INFO - 
================================================================================
DAG File Processing Stats

File Path                                      PID    Runtime      # DAGs    # Errors  Last Runtime    Last Run               Last # of DB Queries
---------------------------------------------  -----  ---------  --------  ----------  --------------  -------------------  ----------------------
/opt/airflow/dags/minio_connectivity_check.py                           1           0  0.10s           2026-03-10T18:16:49                      12
================================================================================
[2026-03-10T18:17:47.968+0000] {manager.py:997} INFO - 
================================================================================
DAG File Processing Stats

File Path                                      PID    Runtime      # DAGs    # Errors  Last Runtime    Last Run               Last # of DB Queries
---------------------------------------------  -----  ---------  --------  ----------  --------------  -------------------  ----------------------
/opt/airflow/dags/minio_connectivity_check.py                           1           0  0.10s           2026-03-10T18:17:19                      12
================================================================================
[2026-03-10T18:18:18.257+0000] {manager.py:997} INFO - 
================================================================================
DAG File Processing Stats

File Path                                      PID    Runtime      # DAGs    # Errors  Last Runtime    Last Run               Last # of DB Queries
---------------------------------------------  -----  ---------  --------  ----------  --------------  -------------------  ----------------------
/opt/airflow/dags/minio_connectivity_check.py                           1           0  0.09s           2026-03-10T18:17:50                      12
================================================================================
[2026-03-10T18:18:48.562+0000] {manager.py:997} INFO - 
================================================================================
DAG File Processing Stats

File Path                                      PID    Runtime      # DAGs    # Errors  Last Runtime    Last Run               Last # of DB Queries
---------------------------------------------  -----  ---------  --------  ----------  --------------  -------------------  ----------------------
/opt/airflow/dags/minio_connectivity_check.py                           1           0  0.10s           2026-03-10T18:18:20                      12
================================================================================
[2026-03-10T18:19:18.811+0000] {manager.py:997} INFO - 
================================================================================
DAG File Processing Stats

File Path                                      PID    Runtime      # DAGs    # Errors  Last Runtime    Last Run               Last # of DB Queries
---------------------------------------------  -----  ---------  --------  ----------  --------------  -------------------  ----------------------
/opt/airflow/dags/minio_connectivity_check.py                           1           0  0.09s           2026-03-10T18:18:50                      12
================================================================================
[2026-03-10T18:19:49.100+0000] {manager.py:997} INFO - 
================================================================================
DAG File Processing Stats

File Path                                      PID    Runtime      # DAGs    # Errors  Last Runtime    Last Run               Last # of DB Queries
---------------------------------------------  -----  ---------  --------  ----------  --------------  -------------------  ----------------------
/opt/airflow/dags/minio_connectivity_check.py                           1           0  0.10s           2026-03-10T18:19:20                      12
================================================================================
[2026-03-10T18:20:19.364+0000] {manager.py:821} INFO - Searching for files in /opt/airflow/dags
[2026-03-10T18:20:19.371+0000] {manager.py:824} INFO - There are 1 files in /opt/airflow/dags
[2026-03-10T18:20:19.378+0000] {manager.py:997} INFO - 
================================================================================
DAG File Processing Stats

File Path                                      PID    Runtime      # DAGs    # Errors  Last Runtime    Last Run               Last # of DB Queries
---------------------------------------------  -----  ---------  --------  ----------  --------------  -------------------  ----------------------
/opt/airflow/dags/minio_connectivity_check.py                           1           0  0.08s           2026-03-10T18:19:51                      12
================================================================================
[2026-03-10T18:20:49.671+0000] {manager.py:997} INFO - 
================================================================================
DAG File Processing Stats

File Path                                      PID    Runtime      # DAGs    # Errors  Last Runtime    Last Run               Last # of DB Queries
---------------------------------------------  -----  ---------  --------  ----------  --------------  -------------------  ----------------------
/opt/airflow/dags/minio_connectivity_check.py                           1           0  0.10s           2026-03-10T18:20:21                      12
================================================================================
[2026-03-10T18:21:19.966+0000] {manager.py:997} INFO - 
================================================================================
DAG File Processing Stats

File Path                                      PID    Runtime      # DAGs    # Errors  Last Runtime    Last Run               Last # of DB Queries
---------------------------------------------  -----  ---------  --------  ----------  --------------  -------------------  ----------------------
/opt/airflow/dags/minio_connectivity_check.py                           1           0  0.10s           2026-03-10T18:20:51                      12
================================================================================
[2026-03-10T18:21:49.223+0000] {manager.py:465} INFO - Exiting gracefully upon receiving signal 15
