[2026-03-10T17:21:59.857+0000] {local_task_job_runner.py:123} INFO - ::group::Pre task execution logs
[2026-03-10T17:21:59.880+0000] {taskinstance.py:2631} INFO - Dependencies all met for dep_context=non-requeueable deps ti=<TaskInstance: minio_lake_connectivity_check.check_bucket_exists scheduled__2026-03-09T00:00:00+00:00 [queued]>
[2026-03-10T17:21:59.889+0000] {taskinstance.py:2631} INFO - Dependencies all met for dep_context=requeueable deps ti=<TaskInstance: minio_lake_connectivity_check.check_bucket_exists scheduled__2026-03-09T00:00:00+00:00 [queued]>
[2026-03-10T17:21:59.889+0000] {taskinstance.py:2884} INFO - Starting attempt 1 of 1
[2026-03-10T17:21:59.899+0000] {taskinstance.py:2907} INFO - Executing <Task(PythonOperator): check_bucket_exists> on 2026-03-09 00:00:00+00:00
[2026-03-10T17:21:59.905+0000] {logging_mixin.py:190} WARNING - /home/***/.local/lib/python3.12/site-packages/***/task/task_runner/standard_task_runner.py:70 DeprecationWarning: This process (pid=197) is multi-threaded, use of fork() may lead to deadlocks in the child.
[2026-03-10T17:21:59.906+0000] {standard_task_runner.py:72} INFO - Started process 198 to run task
[2026-03-10T17:21:59.906+0000] {standard_task_runner.py:104} INFO - Running: ['***', 'tasks', 'run', 'minio_lake_connectivity_check', 'check_bucket_exists', 'scheduled__2026-03-09T00:00:00+00:00', '--job-id', '2', '--raw', '--subdir', 'DAGS_FOLDER/minio_connectivity_check.py', '--cfg-path', '/tmp/tmp0wa6qgdk']
[2026-03-10T17:21:59.908+0000] {standard_task_runner.py:105} INFO - Job 2: Subtask check_bucket_exists
[2026-03-10T17:21:59.959+0000] {task_command.py:467} INFO - Running <TaskInstance: minio_lake_connectivity_check.check_bucket_exists scheduled__2026-03-09T00:00:00+00:00 [running]> on host 7d24a7c0450a
[2026-03-10T17:22:00.051+0000] {taskinstance.py:3157} INFO - Exporting env vars: AIRFLOW_CTX_DAG_OWNER='***' AIRFLOW_CTX_DAG_ID='minio_lake_connectivity_check' AIRFLOW_CTX_TASK_ID='check_bucket_exists' AIRFLOW_CTX_EXECUTION_DATE='2026-03-09T00:00:00+00:00' AIRFLOW_CTX_TRY_NUMBER='1' AIRFLOW_CTX_DAG_RUN_ID='scheduled__2026-03-09T00:00:00+00:00'
[2026-03-10T17:22:00.052+0000] {taskinstance.py:740} INFO - ::endgroup::
[2026-03-10T17:22:00.092+0000] {base.py:84} INFO - Retrieving connection 'minio_s3'
[2026-03-10T17:22:00.093+0000] {connection_wrapper.py:331} INFO - AWS Connection (conn_id='minio_s3', conn_type='aws') credentials retrieved from login and password.
[2026-03-10T17:22:00.617+0000] {python.py:240} INFO - Done. Returned value was: None
[2026-03-10T17:22:00.640+0000] {taskinstance.py:349} INFO - ::group::Post task execution logs
[2026-03-10T17:22:00.642+0000] {taskinstance.py:361} INFO - Marking task as SUCCESS. dag_id=minio_lake_connectivity_check, task_id=check_bucket_exists, run_id=scheduled__2026-03-09T00:00:00+00:00, execution_date=20260309T000000, start_date=20260310T172159, end_date=20260310T172200
[2026-03-10T17:22:00.737+0000] {local_task_job_runner.py:266} INFO - Task exited with return code 0
[2026-03-10T17:22:00.803+0000] {taskinstance.py:3924} INFO - 1 downstream tasks scheduled from follow-on schedule check
[2026-03-10T17:22:00.808+0000] {local_task_job_runner.py:245} INFO - ::endgroup::
